0 info it worked if it ends with ok
1 verbose cli [ 'D:\\Program Files\\nodejs\\node.exe',
1 verbose cli   'D:\\Program Files\\nodejs\\node_modules\\npm\\bin\\npm-cli.js',
1 verbose cli   'install',
1 verbose cli   'echarts' ]
2 info using npm@4.1.2
3 info using node@v7.7.4
4 silly loadCurrentTree Starting
5 silly install loadCurrentTree
6 silly install readLocalPackageData
7 silly fetchPackageMetaData echarts
8 silly fetchNamedPackageData echarts
9 silly mapToRegistry name echarts
10 silly mapToRegistry using default registry
11 silly mapToRegistry registry https://registry.npmjs.org/
12 silly mapToRegistry data Result {
12 silly mapToRegistry   raw: 'echarts',
12 silly mapToRegistry   scope: null,
12 silly mapToRegistry   escapedName: 'echarts',
12 silly mapToRegistry   name: 'echarts',
12 silly mapToRegistry   rawSpec: '',
12 silly mapToRegistry   spec: 'latest',
12 silly mapToRegistry   type: 'tag' }
13 silly mapToRegistry uri https://registry.npmjs.org/echarts
14 verbose request uri https://registry.npmjs.org/echarts
15 verbose request no auth needed
16 info attempt registry request try #1 at 11:17:56
17 verbose request id 21f7180427865713
18 http request GET https://registry.npmjs.org/echarts
19 http 200 https://registry.npmjs.org/echarts
20 verbose headers { server: 'nginx/1.10.1',
20 verbose headers   'content-type': 'application/json',
20 verbose headers   'last-modified': 'Wed, 05 Apr 2017 11:13:18 GMT',
20 verbose headers   etag: 'W/"58e4d14e-c03e"',
20 verbose headers   'content-encoding': 'gzip',
20 verbose headers   'cache-control': 'max-age=300',
20 verbose headers   'content-length': '6824',
20 verbose headers   'accept-ranges': 'bytes',
20 verbose headers   date: 'Fri, 07 Apr 2017 03:18:03 GMT',
20 verbose headers   via: '1.1 varnish',
20 verbose headers   age: '297',
20 verbose headers   connection: 'keep-alive',
20 verbose headers   'x-served-by': 'cache-nrt6134-NRT',
20 verbose headers   'x-cache': 'HIT',
20 verbose headers   'x-cache-hits': '2',
20 verbose headers   'x-timer': 'S1491535083.257275,VS0,VE0',
20 verbose headers   vary: 'Accept-Encoding' }
21 silly get cb [ 200,
21 silly get   { server: 'nginx/1.10.1',
21 silly get     'content-type': 'application/json',
21 silly get     'last-modified': 'Wed, 05 Apr 2017 11:13:18 GMT',
21 silly get     etag: 'W/"58e4d14e-c03e"',
21 silly get     'content-encoding': 'gzip',
21 silly get     'cache-control': 'max-age=300',
21 silly get     'content-length': '6824',
21 silly get     'accept-ranges': 'bytes',
21 silly get     date: 'Fri, 07 Apr 2017 03:18:03 GMT',
21 silly get     via: '1.1 varnish',
21 silly get     age: '297',
21 silly get     connection: 'keep-alive',
21 silly get     'x-served-by': 'cache-nrt6134-NRT',
21 silly get     'x-cache': 'HIT',
21 silly get     'x-cache-hits': '2',
21 silly get     'x-timer': 'S1491535083.257275,VS0,VE0',
21 silly get     vary: 'Accept-Encoding' } ]
22 verbose get saving echarts to C:\Users\kangjw\AppData\Roaming\npm-cache\registry.npmjs.org\echarts\.cache.json
23 verbose correctMkdir C:\Users\kangjw\AppData\Roaming\npm-cache correctMkdir not in flight; initializing
24 silly install normalizeTree
25 silly loadCurrentTree Finishing
26 silly loadIdealTree Starting
27 silly install loadIdealTree
28 silly cloneCurrentTree Starting
29 silly install cloneCurrentTreeToIdealTree
30 silly cloneCurrentTree Finishing
31 silly loadShrinkwrap Starting
32 silly install loadShrinkwrap
33 silly loadShrinkwrap Finishing
34 silly loadAllDepsIntoIdealTree Starting
35 silly install loadAllDepsIntoIdealTree
36 silly resolveWithNewModule echarts@3.5.2 checking installable status
37 silly cache add args [ 'echarts', null ]
38 verbose cache add spec echarts
39 silly cache add parsed spec Result {
39 silly cache add   raw: 'echarts',
39 silly cache add   scope: null,
39 silly cache add   escapedName: 'echarts',
39 silly cache add   name: 'echarts',
39 silly cache add   rawSpec: '',
39 silly cache add   spec: 'latest',
39 silly cache add   type: 'tag' }
40 silly addNamed echarts@latest
41 verbose addNamed "latest" is being treated as a dist-tag for echarts
42 info addNameTag [ 'echarts', 'latest' ]
43 silly mapToRegistry name echarts
44 silly mapToRegistry using default registry
45 silly mapToRegistry registry https://registry.npmjs.org/
46 silly mapToRegistry data Result {
46 silly mapToRegistry   raw: 'echarts',
46 silly mapToRegistry   scope: null,
46 silly mapToRegistry   escapedName: 'echarts',
46 silly mapToRegistry   name: 'echarts',
46 silly mapToRegistry   rawSpec: '',
46 silly mapToRegistry   spec: 'latest',
46 silly mapToRegistry   type: 'tag' }
47 silly mapToRegistry uri https://registry.npmjs.org/echarts
48 verbose addNameTag registry:https://registry.npmjs.org/echarts not in flight; fetching
49 verbose get https://registry.npmjs.org/echarts not expired, no request
50 silly addNameTag next cb for echarts with tag latest
51 silly addNamed echarts@3.5.2
52 verbose addNamed "3.5.2" is a plain semver version for echarts
53 silly mapToRegistry name echarts
54 silly mapToRegistry using default registry
55 silly mapToRegistry registry https://registry.npmjs.org/
56 silly mapToRegistry data Result {
56 silly mapToRegistry   raw: 'echarts',
56 silly mapToRegistry   scope: null,
56 silly mapToRegistry   escapedName: 'echarts',
56 silly mapToRegistry   name: 'echarts',
56 silly mapToRegistry   rawSpec: '',
56 silly mapToRegistry   spec: 'latest',
56 silly mapToRegistry   type: 'tag' }
57 silly mapToRegistry uri https://registry.npmjs.org/echarts
58 verbose addRemoteTarball https://registry.npmjs.org/echarts/-/echarts-3.5.2.tgz not in flight; adding
59 verbose addRemoteTarball [ 'https://registry.npmjs.org/echarts/-/echarts-3.5.2.tgz',
59 verbose addRemoteTarball   'c5baf0157c257394b22d3e89937eb368a27bf6ac' ]
60 info retry fetch attempt 1 at 11:18:01
61 info attempt registry request try #1 at 11:18:01
62 http fetch GET https://registry.npmjs.org/echarts/-/echarts-3.5.2.tgz
63 http fetch 200 https://registry.npmjs.org/echarts/-/echarts-3.5.2.tgz
64 verbose stack Error: kill ENOSYS
64 verbose stack     at exports._errnoException (util.js:1034:11)
64 verbose stack     at process.kill (internal/process.js:188:13)
64 verbose stack     at process.listener (D:\Program Files\nodejs\node_modules\npm\node_modules\npmlog\node_modules\gauge\node_modules\signal-exit\index.js:95:15)
64 verbose stack     at emitNone (events.js:86:13)
64 verbose stack     at process.emit (events.js:188:7)
64 verbose stack     at processEmit (D:\Program Files\nodejs\node_modules\npm\node_modules\npmlog\node_modules\gauge\node_modules\signal-exit\index.js:155:32)
64 verbose stack     at Signal.wrap.onsignal (internal/process.js:215:44)
65 verbose cwd D:\xampp\htdocs\QAforum\public
66 error Windows_NT 10.0.14393
67 error argv "D:\\Program Files\\nodejs\\node.exe" "D:\\Program Files\\nodejs\\node_modules\\npm\\bin\\npm-cli.js" "install" "echarts"
68 error node v7.7.4
69 error npm  v4.1.2
70 error code ENOSYS
71 error errno ENOSYS
72 error syscall kill
73 error kill ENOSYS
74 error If you need help, you may report this error at:
74 error     <https://github.com/npm/npm/issues>
75 verbose exit [ 1, true ]
